Initializing IDT
Registering type 0xF ISR 0x98B0 for gate 0x0
Registering type 0xF ISR 0x9990 for gate 0x1
Registering type 0xF ISR 0x99B0 for gate 0x2
Registering type 0xF ISR 0x99D0 for gate 0x3
Registering type 0xF ISR 0x99F0 for gate 0x4
Registering type 0xF ISR 0x9A10 for gate 0x5
Registering type 0xF ISR 0x9A30 for gate 0x6
Registering type 0xF ISR 0x9A50 for gate 0x7
Registering type 0xF ISR 0x9A70 for gate 0x8
Registering type 0xF ISR 0x9AA0 for gate 0x9
Registering type 0xF ISR 0x9AC0 for gate 0xA
Registering type 0xF ISR 0x9AF0 for gate 0xB
Registering type 0xF ISR 0x9B20 for gate 0xC
Registering type 0xF ISR 0x9B50 for gate 0xD
Registering type 0xF ISR 0x9B80 for gate 0xE
Registering type 0xF ISR 0x9BA0 for gate 0x10
Registering type 0xF ISR 0x9BC0 for gate 0x11
Registering type 0xF ISR 0x9BF0 for gate 0x12
Registering type 0xF ISR 0x9C10 for gate 0x13
Registering type 0xF ISR 0x9C30 for gate 0x14
Registering type 0xF ISR 0x9C50 for gate 0x15
Registering type 0xF ISR 0x9C80 for gate 0x1C
Registering type 0xF ISR 0x9CA0 for gate 0x1D
Registering type 0xF ISR 0x9CC0 for gate 0x1E
Registering type 0xE ISR 0x9CE0 for gate 0x20
Registering type 0xE ISR 0x9D00 for gate 0x21
Registering type 0xE ISR 0x9D20 for gate 0x22
Registering type 0xE ISR 0x9D40 for gate 0x23
Registering type 0xE ISR 0x9D60 for gate 0x24
Registering type 0xE ISR 0x9D80 for gate 0x25
Registering type 0xE ISR 0x9DA0 for gate 0x26
Registering type 0xE ISR 0x9DC0 for gate 0x27
Registering type 0xE ISR 0x9DE0 for gate 0x28
Registering type 0xE ISR 0x9E00 for gate 0x29
Registering type 0xE ISR 0x9E20 for gate 0x2A
Registering type 0xE ISR 0x9E40 for gate 0x2B
Registering type 0xE ISR 0x9E60 for gate 0x2C
Registering type 0xE ISR 0x9E80 for gate 0x2D
Registering type 0xE ISR 0x9EA0 for gate 0x2E
Registering type 0xE ISR 0x9EC0 for gate 0x2F
Setting IDT
Initializing IRQs
Initializing FPU
Initializing screen
Initializing timer
Got interrupt 0x21
